<?xml version="1.0" encoding="UTF-8"?>
<!-- Generated by org.testng.reporters.JUnitXMLReporter -->
<testsuite ignored="2" hostname="IN-7D0QVP3" failures="2" tests="2" name="Test" time="0.075" errors="0" timestamp="2023-05-02T19:27:19 IST">
  <testcase classname="tests.HomePageTest" name="verifySignInLink" time="0.035">
    <failure type="java.lang.NullPointerException" message="Cannot invoke &amp;quot;com.aventstack.extentreports.ExtentReports.createTest(String)&amp;quot; because &amp;quot;base.BasePage.extent&amp;quot; is null">
      <![CDATA[java.lang.NullPointerException: Cannot invoke "com.aventstack.extentreports.ExtentReports.createTest(String)" because "base.BasePage.extent" is null
at tests.HomePageTest.verifySignInLink(HomePageTest.java:73)
at java.base/java.util.ArrayList.forEach(ArrayList.java:1511)
... Removed 27 stack frames]]>
    </failure>
  </testcase> <!-- verifySignInLink -->
  <testcase classname="tests.LoginPageTest" name="userSignUpScenario" time="0.012">
    <failure type="java.lang.NullPointerException" message="Cannot invoke &amp;quot;com.aventstack.extentreports.ExtentReports.createTest(String)&amp;quot; because &amp;quot;base.BasePage.extent&amp;quot; is null">
      <![CDATA[java.lang.NullPointerException: Cannot invoke "com.aventstack.extentreports.ExtentReports.createTest(String)" because "base.BasePage.extent" is null
at tests.LoginPageTest.userSignUpScenario(LoginPageTest.java:55)
at java.base/java.util.ArrayList.forEach(ArrayList.java:1511)
... Removed 27 stack frames]]>
    </failure>
  </testcase> <!-- userSignUpScenario -->
  <testcase classname="tests.HomePageTest" name="verifyShopNewYogaButton" time="0.0">
    <ignored/>
  </testcase> <!-- verifyShopNewYogaButton -->
  <testcase classname="tests.LoginPageTest" name="userLoggedInScenario" time="0.0">
    <ignored/>
  </testcase> <!-- userLoggedInScenario -->
</testsuite> <!-- Test -->
