<?xml version="1.0" encoding="UTF-8"?>
<!-- Generated by org.testng.reporters.JUnitXMLReporter -->
<testsuite ignored="0" hostname="IN-7D0QVP3" failures="0" tests="3" name="Test" time="129.222" errors="0" timestamp="2023-05-01T18:28:50 IST">
  <testcase classname="tests.WomenPageTest" name="testFilter" time="32.345"/>
  <testcase classname="tests.WomenPageTest" name="testFilter" time="32.083"/>
  <testcase classname="tests.WomenPageTest" name="testFilter" time="34.234"/>
</testsuite> <!-- Test -->
