<?xml version="1.0" encoding="UTF-8"?>
<!-- Generated by org.testng.reporters.JUnitXMLReporter -->
<testsuite ignored="2" hostname="IN-7D0QVP3" failures="5" tests="5" name="MyTest" time="0.474" errors="0" timestamp="2023-05-01T22:58:34 IST">
  <testcase classname="tests.LoginPageTest" name="userLoggedInScenario" time="0.024">
    <failure type="java.lang.NullPointerException" message="Cannot invoke &amp;quot;com.aventstack.extentreports.ExtentReports.createTest(String)&amp;quot; because &amp;quot;base.BasePage.extent&amp;quot; is null">
      <![CDATA[java.lang.NullPointerException: Cannot invoke "com.aventstack.extentreports.ExtentReports.createTest(String)" because "base.BasePage.extent" is null
at tests.LoginPageTest.userLoggedInScenario(LoginPageTest.java:80)
at java.base/java.util.ArrayList.forEach(ArrayList.java:1511)
... Removed 27 stack frames]]>
    </failure>
  </testcase> <!-- userLoggedInScenario -->
  <testcase classname="tests.LoginPageTest" name="userSignUpScenario" time="0.002">
    <failure type="java.lang.NullPointerException" message="Cannot invoke &amp;quot;com.aventstack.extentreports.ExtentReports.createTest(String)&amp;quot; because &amp;quot;base.BasePage.extent&amp;quot; is null">
      <![CDATA[java.lang.NullPointerException: Cannot invoke "com.aventstack.extentreports.ExtentReports.createTest(String)" because "base.BasePage.extent" is null
at tests.LoginPageTest.userSignUpScenario(LoginPageTest.java:50)
at java.base/java.util.ArrayList.forEach(ArrayList.java:1511)
... Removed 27 stack frames]]>
    </failure>
  </testcase> <!-- userSignUpScenario -->
  <testcase classname="tests.WomenPageTest" name="testFilter" time="0.006">
    <failure type="java.lang.NullPointerException" message="Cannot invoke &amp;quot;com.aventstack.extentreports.ExtentReports.createTest(String)&amp;quot; because &amp;quot;base.BasePage.extent&amp;quot; is null">
      <![CDATA[java.lang.NullPointerException: Cannot invoke "com.aventstack.extentreports.ExtentReports.createTest(String)" because "base.BasePage.extent" is null
at tests.WomenPageTest.testFilter(WomenPageTest.java:63)
at java.base/java.util.ArrayList.forEach(ArrayList.java:1511)
... Removed 27 stack frames]]>
    </failure>
  </testcase> <!-- testFilter -->
  <testcase classname="tests.WomenPageTest" name="testFilter" time="0.002">
    <failure type="java.lang.NullPointerException" message="Cannot invoke &amp;quot;com.aventstack.extentreports.ExtentReports.createTest(String)&amp;quot; because &amp;quot;base.BasePage.extent&amp;quot; is null">
      <![CDATA[java.lang.NullPointerException: Cannot invoke "com.aventstack.extentreports.ExtentReports.createTest(String)" because "base.BasePage.extent" is null
at tests.WomenPageTest.testFilter(WomenPageTest.java:63)
at java.base/java.util.ArrayList.forEach(ArrayList.java:1511)
... Removed 27 stack frames]]>
    </failure>
  </testcase> <!-- testFilter -->
  <testcase classname="tests.WomenPageTest" name="testFilter" time="0.002">
    <failure type="java.lang.NullPointerException" message="Cannot invoke &amp;quot;com.aventstack.extentreports.ExtentReports.createTest(String)&amp;quot; because &amp;quot;base.BasePage.extent&amp;quot; is null">
      <![CDATA[java.lang.NullPointerException: Cannot invoke "com.aventstack.extentreports.ExtentReports.createTest(String)" because "base.BasePage.extent" is null
at tests.WomenPageTest.testFilter(WomenPageTest.java:63)
at java.base/java.util.ArrayList.forEach(ArrayList.java:1511)
... Removed 27 stack frames]]>
    </failure>
  </testcase> <!-- testFilter -->
  <testcase classname="tests.HomePageTest" name="testSignInLink" time="0.0">
    <ignored/>
  </testcase> <!-- testSignInLink -->
  <testcase classname="tests.HomePageTest" name="testShopNewYogaButton" time="0.0">
    <ignored/>
  </testcase> <!-- testShopNewYogaButton -->
</testsuite> <!-- MyTest -->
